<?xml version="1.0" encoding="UTF-8"?>
<!-- Generated by org.testng.reporters.JUnitReportReporter -->
<testsuite hostname="DESKTOP-PQFFS2E" failures="0" tests="7" name="com.qa.GETApiTest" time="5.274" errors="0" timestamp="2022-08-30T00:30:56 IST" skipped="0">
  <testcase classname="com.qa.GETApiTest" name="getAPITest" time="5.224"/>
  <system-out/>
  <testcase classname="com.qa.GETApiTest" name="dateFormat" time="0.020"/>
  <system-out/>
  <testcase classname="com.qa.GETApiTest" name="responseNotNull" time="0.007"/>
  <system-out/>
  <testcase classname="com.qa.GETApiTest" name="responseTime" time="0.004"/>
  <system-out/>
  <testcase classname="com.qa.GETApiTest" name="responseText" time="0.004"/>
  <system-out/>
  <testcase classname="com.qa.GETApiTest" name="statusCode" time="0.002"/>
  <system-out/>
  <testcase classname="com.qa.GETApiTest" name="responseBody" time="0.013"/>
  <system-out/>
</testsuite> <!-- com.qa.GETApiTest -->
